<?xml version="1.0" encoding="UTF-8"?>
<!-- Generated by org.testng.reporters.JUnitReportReporter -->
<testsuite hostname="HAIDAR" failures="0" tests="3" name="com.TestAutomationTalks.demoproject1.SampleTwoTest" time="20.307" errors="0" timestamp="2024-08-20T23:42:52 IST" skipped="0">
  <testcase classname="com.TestAutomationTalks.demoproject1.SampleTwoTest" name="test3" time="8.706"/>
  <testcase classname="com.TestAutomationTalks.demoproject1.SampleTwoTest" name="test1" time="4.319"/>
  <testcase classname="com.TestAutomationTalks.demoproject1.SampleTwoTest" name="test2" time="7.282"/>
</testsuite> <!-- com.TestAutomationTalks.demoproject1.SampleTwoTest -->
