<?xml version="1.0" encoding="UTF-8"?>
<!-- Generated by org.testng.reporters.JUnitReportReporter -->
<testsuite hostname="HAIDAR" failures="0" tests="3" name="com.TestAutomationTalks.demoproject1.SampleTest" time="19.670" errors="0" timestamp="2024-08-20T23:42:52 IST" skipped="0">
  <testcase classname="com.TestAutomationTalks.demoproject1.SampleTest" name="test2" time="12.233"/>
  <testcase classname="com.TestAutomationTalks.demoproject1.SampleTest" name="test3" time="3.633"/>
  <testcase classname="com.TestAutomationTalks.demoproject1.SampleTest" name="test1" time="3.804"/>
</testsuite> <!-- com.TestAutomationTalks.demoproject1.SampleTest -->
