<?xml version="1.0" encoding="UTF-8"?>
<!-- Generated by org.testng.reporters.JUnitReportReporter -->
<testsuite hostname="HAIDAR" failures="0" tests="3" name="com.TestAutomationTalks.demoproject1.SampleTest" time="20.580" errors="0" timestamp="2024-08-14T23:35:38 PKT" skipped="0">
  <testcase classname="com.TestAutomationTalks.demoproject1.SampleTest" name="test3" time="4.077"/>
  <testcase classname="com.TestAutomationTalks.demoproject1.SampleTest" name="test1" time="5.671"/>
  <testcase classname="com.TestAutomationTalks.demoproject1.SampleTest" name="test2" time="10.832"/>
</testsuite> <!-- com.TestAutomationTalks.demoproject1.SampleTest -->
