<?xml version="1.0" encoding="UTF-8"?>
<!-- Generated by org.testng.reporters.JUnitReportReporter -->
<testsuite hostname="HAIDAR" failures="0" tests="3" name="com.TestAutomationTalks.demoproject1.SampleTest" time="13.998" errors="0" timestamp="2024-08-13T23:18:31 PKT" skipped="0">
  <testcase classname="com.TestAutomationTalks.demoproject1.SampleTest" name="test3" time="3.346"/>
  <testcase classname="com.TestAutomationTalks.demoproject1.SampleTest" name="test2" time="5.208"/>
  <testcase classname="com.TestAutomationTalks.demoproject1.SampleTest" name="test1" time="5.444"/>
</testsuite> <!-- com.TestAutomationTalks.demoproject1.SampleTest -->
