<?xml version="1.0" encoding="UTF-8"?>
<!-- Generated by org.testng.reporters.JUnitReportReporter -->
<testsuite hostname="HAIDAR" failures="0" tests="3" name="com.TestAutomationTalks.demoproject1.SampleTest2" time="20.415" errors="0" timestamp="2024-08-14T23:37:21 PKT" skipped="0">
  <testcase classname="com.TestAutomationTalks.demoproject1.SampleTest2" name="test1" time="6.363"/>
  <testcase classname="com.TestAutomationTalks.demoproject1.SampleTest2" name="test2" time="8.804"/>
  <testcase classname="com.TestAutomationTalks.demoproject1.SampleTest2" name="test3" time="5.248"/>
</testsuite> <!-- com.TestAutomationTalks.demoproject1.SampleTest2 -->
