<?xml version="1.0" encoding="UTF-8"?>
<!-- Generated by org.testng.reporters.JUnitReportReporter -->
<testsuite hostname="HAIDAR" failures="0" tests="3" name="com.TestAutomationTalks.demoproject1.SampleTest" time="21.813" errors="0" timestamp="2024-08-14T23:37:21 PKT" skipped="0">
  <testcase classname="com.TestAutomationTalks.demoproject1.SampleTest" name="test2" time="9.001"/>
  <testcase classname="com.TestAutomationTalks.demoproject1.SampleTest" name="test3" time="4.496"/>
  <testcase classname="com.TestAutomationTalks.demoproject1.SampleTest" name="test1" time="8.316"/>
</testsuite> <!-- com.TestAutomationTalks.demoproject1.SampleTest -->
