<?xml version="1.0" encoding="UTF-8"?>
<!-- Generated by org.testng.reporters.JUnitReportReporter -->
<testsuite hostname="HAIDAR" failures="0" tests="3" name="com.TestAutomationTalks.demoproject1.SampleTest2" time="13.364" errors="0" timestamp="2024-08-13T23:18:31 PKT" skipped="0">
  <testcase classname="com.TestAutomationTalks.demoproject1.SampleTest2" name="test3" time="3.534"/>
  <testcase classname="com.TestAutomationTalks.demoproject1.SampleTest2" name="test1" time="4.253"/>
  <testcase classname="com.TestAutomationTalks.demoproject1.SampleTest2" name="test2" time="5.577"/>
</testsuite> <!-- com.TestAutomationTalks.demoproject1.SampleTest2 -->
